<?xml version="1.0" encoding="UTF-8"?>
<!-- Generated by org.testng.reporters.JUnitXMLReporter -->
<testsuite ignored="1" hostname="nb-sfa" failures="0" tests="1" name="NegativeUsernameTests" time="90.996" errors="0" timestamp="2021-04-27T12:09:35 PKT">
  <testcase classname="com.herokuapp.theinternet.LoginTests" name="negativeLoginTest" time="86.995"/>
  <testcase classname="com.herokuapp.theinternet.LoginTests" name="loginTest" time="0.0">
    <ignored/>
  </testcase> <!-- loginTest -->
</testsuite> <!-- NegativeUsernameTests -->
