<?xml version="1.0" encoding="UTF-8"?>
<!-- Generated by org.testng.reporters.JUnitXMLReporter -->
<testsuite ignored="1" hostname="nb-sfa" failures="0" tests="1" name="NegativeUsernameTests" time="27.733" errors="0" timestamp="2021-04-23T11:32:45 PKT">
  <testcase classname="com.herokuapp.theinternet.LoginTests" name="negativeLoginTest" time="11.214"/>
  <testcase classname="com.herokuapp.theinternet.LoginTests" name="loginTest" time="0.0">
    <ignored/>
  </testcase> <!-- loginTest -->
</testsuite> <!-- NegativeUsernameTests -->
