<?xml version="1.0" encoding="UTF-8"?>
<!-- Generated by org.testng.reporters.JUnitXMLReporter -->
<testsuite ignored="1" hostname="nb-sfa" failures="0" tests="1" name="PositiveTests" time="31.795" errors="0" timestamp="2021-05-23T19:35:08 PKT">
  <testcase classname="com.herokuapp.theinternet.LoginTests" name="loginTest" time="24.477"/>
  <testcase classname="com.herokuapp.theinternet.LoginTests" name="negativeLoginTest" time="0.0">
    <ignored/>
  </testcase> <!-- negativeLoginTest -->
</testsuite> <!-- PositiveTests -->
