<?xml version="1.0" encoding="UTF-8"?>
<testng-results ignored="3" total="6" passed="3" failed="0" skipped="0">
  <reporter-output>
  </reporter-output>
  <suite started-at="2021-04-23T11:30:23 PKT" name="NegativeTestSuite" finished-at="2021-04-23T11:33:09 PKT" duration-ms="165994">
    <groups>
      <group name="positiveTests">
        <method signature="LoginTests.loginTest()[pri:1, instance:com.herokuapp.theinternet.LoginTests@c03cf28]" name="loginTest" class="com.herokuapp.theinternet.LoginTests"/>
      </group> <!-- positiveTests -->
      <group name="smokeTests">
        <method signature="LoginTests.loginTest()[pri:1, instance:com.herokuapp.theinternet.LoginTests@c03cf28]" name="loginTest" class="com.herokuapp.theinternet.LoginTests"/>
        <method signature="LoginTests.negativeLoginTest(java.lang.String, java.lang.String, java.lang.String)[pri:2, instance:com.herokuapp.theinternet.LoginTests@1649b0e6]" name="negativeLoginTest" class="com.herokuapp.theinternet.LoginTests"/>
        <method signature="LoginTests.negativeLoginTest(java.lang.String, java.lang.String, java.lang.String)[pri:2, instance:com.herokuapp.theinternet.LoginTests@2abf4075]" name="negativeLoginTest" class="com.herokuapp.theinternet.LoginTests"/>
      </group> <!-- smokeTests -->
      <group name="negativeTests">
        <method signature="LoginTests.negativeLoginTest(java.lang.String, java.lang.String, java.lang.String)[pri:2, instance:com.herokuapp.theinternet.LoginTests@1649b0e6]" name="negativeLoginTest" class="com.herokuapp.theinternet.LoginTests"/>
        <method signature="LoginTests.negativeLoginTest(java.lang.String, java.lang.String, java.lang.String)[pri:2, instance:com.herokuapp.theinternet.LoginTests@2abf4075]" name="negativeLoginTest" class="com.herokuapp.theinternet.LoginTests"/>
      </group> <!-- negativeTests -->
    </groups>
    <test started-at="2021-04-23T11:30:23 PKT" name="PositiveTests" finished-at="2021-04-23T11:31:27 PKT" duration-ms="63875">
      <class name="com.herokuapp.theinternet.LoginTests">
        <test-method is-config="true" signature="setup()[pri:0, instance:com.herokuapp.theinternet.LoginTests@c03cf28]" started-at="2021-04-23T11:30:23 PKT" name="setup" finished-at="2021-04-23T11:30:53 PKT" duration-ms="29610" status="PASS">
          <reporter-output>
          </reporter-output>
        </test-method> <!-- setup -->
        <test-method signature="loginTest()[pri:1, instance:com.herokuapp.theinternet.LoginTests@c03cf28]" started-at="2021-04-23T11:30:53 PKT" name="loginTest" finished-at="2021-04-23T11:31:06 PKT" duration-ms="13542" status="PASS">
          <reporter-output>
          </reporter-output>
        </test-method> <!-- loginTest -->
        <test-method is-config="true" signature="tearDown()[pri:0, instance:com.herokuapp.theinternet.LoginTests@c03cf28]" started-at="2021-04-23T11:31:06 PKT" name="tearDown" finished-at="2021-04-23T11:31:27 PKT" duration-ms="20352" status="PASS">
          <reporter-output>
          </reporter-output>
        </test-method> <!-- tearDown -->
      </class> <!-- com.herokuapp.theinternet.LoginTests -->
    </test> <!-- PositiveTests -->
    <test started-at="2021-04-23T11:32:07 PKT" name="NegativeUsernameTests" finished-at="2021-04-23T11:32:35 PKT" duration-ms="27733">
      <class name="com.herokuapp.theinternet.LoginTests">
        <test-method is-config="true" signature="setup()[pri:0, instance:com.herokuapp.theinternet.LoginTests@1649b0e6]" started-at="2021-04-23T11:32:07 PKT" name="setup" finished-at="2021-04-23T11:32:13 PKT" duration-ms="6000" status="PASS">
          <reporter-output>
          </reporter-output>
        </test-method> <!-- setup -->
        <test-method signature="negativeLoginTest(java.lang.String, java.lang.String, java.lang.String)[pri:2, instance:com.herokuapp.theinternet.LoginTests@1649b0e6]" started-at="2021-04-23T11:32:13 PKT" name="negativeLoginTest" finished-at="2021-04-23T11:32:24 PKT" duration-ms="11214" status="PASS">
          <params>
            <param index="0">
              <value>
                <![CDATA[incorrectUsername]]>
              </value>
            </param>
            <param index="1">
              <value>
                <![CDATA[SuperSecretPassword!]]>
              </value>
            </param>
            <param index="2">
              <value>
                <![CDATA[Your username is invalid!]]>
              </value>
            </param>
          </params>
          <reporter-output>
          </reporter-output>
        </test-method> <!-- negativeLoginTest -->
        <test-method is-config="true" signature="tearDown()[pri:0, instance:com.herokuapp.theinternet.LoginTests@1649b0e6]" started-at="2021-04-23T11:32:24 PKT" name="tearDown" finished-at="2021-04-23T11:32:35 PKT" duration-ms="10500" status="PASS">
          <reporter-output>
          </reporter-output>
        </test-method> <!-- tearDown -->
      </class> <!-- com.herokuapp.theinternet.LoginTests -->
    </test> <!-- NegativeUsernameTests -->
    <test started-at="2021-04-23T11:32:45 PKT" name="NegativePasswordTests" finished-at="2021-04-23T11:33:09 PKT" duration-ms="23393">
      <class name="com.herokuapp.theinternet.LoginTests">
        <test-method is-config="true" signature="setup()[pri:0, instance:com.herokuapp.theinternet.LoginTests@2abf4075]" started-at="2021-04-23T11:32:45 PKT" name="setup" finished-at="2021-04-23T11:32:55 PKT" duration-ms="9636" status="PASS">
          <reporter-output>
          </reporter-output>
        </test-method> <!-- setup -->
        <test-method signature="negativeLoginTest(java.lang.String, java.lang.String, java.lang.String)[pri:2, instance:com.herokuapp.theinternet.LoginTests@2abf4075]" started-at="2021-04-23T11:32:55 PKT" name="negativeLoginTest" finished-at="2021-04-23T11:33:06 PKT" duration-ms="11268" status="PASS">
          <params>
            <param index="0">
              <value>
                <![CDATA[tomsmith]]>
              </value>
            </param>
            <param index="1">
              <value>
                <![CDATA[incorrectPassword!]]>
              </value>
            </param>
            <param index="2">
              <value>
                <![CDATA[Your password is invalid!]]>
              </value>
            </param>
          </params>
          <reporter-output>
          </reporter-output>
        </test-method> <!-- negativeLoginTest -->
        <test-method is-config="true" signature="tearDown()[pri:0, instance:com.herokuapp.theinternet.LoginTests@2abf4075]" started-at="2021-04-23T11:33:06 PKT" name="tearDown" finished-at="2021-04-23T11:33:09 PKT" duration-ms="2484" status="PASS">
          <reporter-output>
          </reporter-output>
        </test-method> <!-- tearDown -->
      </class> <!-- com.herokuapp.theinternet.LoginTests -->
    </test> <!-- NegativePasswordTests -->
  </suite> <!-- NegativeTestSuite -->
</testng-results>
