<?xml version="1.0" encoding="UTF-8"?>
<!-- Generated by org.testng.reporters.JUnitXMLReporter -->
<testsuite ignored="1" hostname="nb-sfa" failures="0" tests="1" name="NegativeTests" time="26.763" errors="0" timestamp="2020-07-16T16:57:39 PKT">
  <testcase classname="com.herokuapp.theinternet.NegativeTests" name="incorrectUsername" time="26.695"/>
  <testcase classname="com.herokuapp.theinternet.NegativeTests" name="incorrectPassword" time="0.0">
    <ignored/>
  </testcase> <!-- incorrectPassword -->
</testsuite> <!-- NegativeTests -->
